app/build/intermediates/manifest_merge_blame_file/debug/manifest-merger-blame-debug-report.txt
1<?xml version="1.0" encoding="utf-8"?>
2<manifest xmlns:android="http://schemas.android.com/apk/res/android"
3    package="com.example.nus"
4    android:versionCode="1"
5    android:versionName="1.0" >
6
7    <uses-sdk
8        android:minSdkVersion="24"
8-->src\main\AndroidManifest.xml
9        android:targetSdkVersion="30" />
9-->src\main\AndroidManifest.xml
10
11    <uses-permission android:name="android.permission.INTERNET" />
11-->src\main\AndroidManifest.xml:5:5-67
11-->src\main\AndroidManifest.xml:5:22-64
12    <uses-permission android:name="android.permission.ACCESS_NETWORK_STATE" />
12-->src\main\AndroidManifest.xml:6:5-79
12-->src\main\AndroidManifest.xml:6:22-76
13
14    <application
14-->src\main\AndroidManifest.xml:8:5-39:19
15        android:allowBackup="true"
15-->src\main\AndroidManifest.xml:9:9-35
16        android:appComponentFactory="androidx.core.app.CoreComponentFactory"
16-->[androidx.core:core:1.1.0] AndroidManifest.xml:24:18-86
17        android:debuggable="true"
18        android:extractNativeLibs="false"
19        android:icon="@mipmap/ic_launcher"
19-->src\main\AndroidManifest.xml:10:9-43
20        android:label="@string/app_name"
20-->src\main\AndroidManifest.xml:11:9-41
21        android:roundIcon="@mipmap/ic_launcher_round"
21-->src\main\AndroidManifest.xml:12:9-54
22        android:supportsRtl="true"
22-->src\main\AndroidManifest.xml:13:9-35
23        android:theme="@style/Theme.Nus"
23-->src\main\AndroidManifest.xml:14:9-41
24        android:usesCleartextTraffic="true" >
24-->src\main\AndroidManifest.xml:15:9-44
25
26        <!-- <activity -->
27        <!-- android:name=".MainActivity_Navigation" -->
28        <!-- android:label="@string/title_activity_main__navigation"></activity> -->
29        <!-- <activity android:name=".o_o_a"></activity> -->
30        <activity
30-->src\main\AndroidManifest.xml:21:9-29:20
31            android:name="com.example.nus.building_information"
31-->src\main\AndroidManifest.xml:22:13-49
32            android:parentActivityName="com.example.nus.MainActivity_Navigation" >
32-->src\main\AndroidManifest.xml:23:13-66
33
34            <!-- The meta-data tag is required if you support API level 15 and lower -->
35            <meta-data
35-->src\main\AndroidManifest.xml:26:13-28:60
36                android:name="android.support.PARENT_ACTIVITY"
36-->src\main\AndroidManifest.xml:27:17-63
37                android:value=".MainActivity_Navigation" />
37-->src\main\AndroidManifest.xml:28:17-57
38        </activity>
39        <activity android:name="com.example.nus.MainActivity_Navigation" >
39-->src\main\AndroidManifest.xml:30:9-36:20
39-->src\main\AndroidManifest.xml:30:19-58
40            <intent-filter>
40-->src\main\AndroidManifest.xml:31:13-35:29
41                <action android:name="android.intent.action.MAIN" />
41-->src\main\AndroidManifest.xml:32:17-69
41-->src\main\AndroidManifest.xml:32:25-66
42
43                <category android:name="android.intent.category.LAUNCHER" />
43-->src\main\AndroidManifest.xml:34:17-77
43-->src\main\AndroidManifest.xml:34:27-74
44            </intent-filter>
45        </activity>
46        <activity android:name="com.example.nus.Show_Event" />
46-->src\main\AndroidManifest.xml:37:9-48
46-->src\main\AndroidManifest.xml:37:19-45
47        <activity android:name="com.example.nus.Add_Event" />
47-->src\main\AndroidManifest.xml:38:9-47
47-->src\main\AndroidManifest.xml:38:19-44
48    </application>
49
50</manifest>